<?xml version="1.0" encoding="UTF-8"?>
<testsuite xmlns:xsi="http://www.w3.org/2001/XMLSchema-instance" xsi:noNamespaceSchemaLocation="https://maven.apache.org/surefire/maven-surefire-plugin/xsd/surefire-test-report.xsd" version="3.0.2" name="org.acme.GreetingResourceTest" time="1.573" tests="2" errors="0" skipped="0" failures="0">
  <properties>
[...]
</properties>
  <testcase name="testHelloEndpoint" classname="org.acme.GreetingResourceTest" time="0.988">
    <system-out><![CDATA[2025-12-05 18:03:55,212 INFO  [io.quarkus] (main) getting-started 1.0.0-SNAPSHOT on JVM (powered by Quarkus 3.30.2) started in 2.755s. Listening on: http://localhost:8081
2025-12-05 18:03:55,213 INFO  [io.quarkus] (main) Profile test activated. 
2025-12-05 18:03:55,213 INFO  [io.quarkus] (main) Installed features: [cdi, rest, smallrye-context-propagation, vertx]
]]></system-out>
  </testcase>
  <testcase name="testGreetingEndpoint" classname="org.acme.GreetingResourceTest" time="0.031"/>
</testsuite>